info: CONNECTING TO SERVER undefined
info: [2023-03-10T07:14:20Z INFO  rust_launcher::start::bindings] server: None
info: [2023-03-10T07:14:21Z INFO  rust_launcher::start] Loading version
info: {"versionSize":220921602,"state":{"VersionLoading":true},"currentDownloadRate":0,"expectedTasks":6,"downloadSpeed":0,"downloaded":0}
info: [2023-03-10T07:14:21Z INFO  rust_launcher::start] Finished loading version
info: [2023-03-10T07:14:21Z INFO  rust_launcher::start] Finished moving mods
info: [2023-03-10T07:14:21Z INFO  rust_launcher::start] Preparing assets
info: {"versionSize":220921602,"state":{"Downloading":["Jre","Assets","Mods","Libraries"]},"currentDownloadRate":0,"expectedTasks":6,"downloadSpeed":0,"downloaded":77974}
info: [2023-03-10T07:14:21Z INFO  rust_launcher::start] Preparing JRE
info: [2023-03-10T07:14:21Z INFO  rust_launcher::start] Preparing libraries
[2023-03-10T07:14:21Z INFO  rust_launcher::start] Preparing mods
info: {"versionSize":220921602,"state":{"Downloading":["Assets","Mods","Libraries"]},"currentDownloadRate":0,"expectedTasks":6,"downloadSpeed":0,"downloaded":43225855}
info: [2023-03-10T07:14:21Z INFO  rust_launcher::start] Finished preparing mods
info: {"versionSize":220921602,"state":{"Downloading":["Assets","Libraries"]},"currentDownloadRate":0,"expectedTasks":6,"downloadSpeed":0,"downloaded":122121148}
info: [2023-03-10T07:14:21Z INFO  rust_launcher::start] Finished preparing libraries
info: {"versionSize":220921602,"state":{"Downloading":["Assets"]},"currentDownloadRate":0,"expectedTasks":6,"downloadSpeed":0,"downloaded":657292343}
info: [2023-03-10T07:14:21Z INFO  rust_launcher::start] Finished preparing assets
[2023-03-10T07:14:21Z INFO  rust_launcher::start] Preparing registry
info: {"versionSize":220921602,"state":{"Jvm":true},"currentDownloadRate":0,"expectedTasks":6,"downloadSpeed":0,"downloaded":805643589}
info: [2023-03-10T07:14:21Z INFO  rust_launcher::start] Finished preparing registry
info: [2023-03-10T07:14:21Z INFO  rust_launcher::common::launch] starting JVM with arguments: ["-Djava.library.path=libraries/native\\net/digitalingot/fcef-windows/0.0.5\\extracted/;libraries/native\\net/digitalingot/fwebp-windows/0.0.1\\extracted/;libraries/native\\de/jcm/discord-game-sdk4j-windows/0.5.4\\extracted/;libraries/native\\org/jitsi/jnopus/1.0\\extracted/;libraries/native\\org/lwjgl/lwjgl/3.3.1\\extracted/;libraries/native\\org/lwjgl/lwjgl-jemalloc/3.3.1\\extracted/;libraries/native\\org/lwjgl/lwjgl-openal/3.3.1\\extracted/;libraries/native\\org/lwjgl/lwjgl-opengl/3.3.1\\extracted/;libraries/native\\org/lwjgl/lwjgl-glfw/3.3.1\\extracted/;libraries/native\\org/lwjgl/lwjgl-stb/3.3.1\\extracted/;libraries/native\\org/lwjgl/lwjgl-tinyfd/3.3.1\\extracted/;libraries/native\\com/mojang/text2speech/1.13.9\\extracted/", "--add-opens=java.desktop/java.awt.event=ALL-UNNAMED", "--add-opens=java.desktop/java.awt.color=ALL-UNNAMED", "--add-opens=java.desktop/java.awt=ALL-UNNAMED", "--add-opens=java.base/java.lang=ALL-UNNAMED", "-Xmx5646M", "-XX:+UnlockExperimentalVMOptions", "-XX:+UseG1GC", "-XX:G1NewSizePercent=20", "-XX:G1ReservePercent=20", "-XX:MaxGCPauseMillis=50", "-XX:G1HeapRegionSize=32M", "-Dlog4j2.formatMsgNoLookups=true", "-XX:ErrorFile=feather/java_error.log", "-Djavax.accessibility.assistive_technologies=", "-Djavax.net.ssl.trustStoreType=WINDOWS-ROOT", "-cp", "libraries\\java\\net/minecraft/client/1.19.2/minecraft-1.19.2.jar;libraries\\java\\net/fabricmc/tiny-mappings-parser/0.3.0+build.17/tiny-mappings-parser-0.3.0+build.17.jar;libraries\\java\\net/fabricmc/sponge-mixin/0.11.4+mixin.0.8.5/sponge-mixin-0.11.4+mixin.0.8.5.jar;libraries\\java\\net/fabricmc/tiny-remapper/0.8.2/tiny-remapper-0.8.2.jar;libraries\\java\\net/fabricmc/access-widener/2.1.0/access-widener-2.1.0.jar;libraries\\java\\org/ow2/asm/asm/9.3/asm-9.3.jar;libraries\\java\\org/ow2/asm/asm-analysis/9.3/asm-analysis-9.3.jar;libraries\\java\\org/ow2/asm/asm-commons/9.3/asm-commons-9.3.jar;libraries\\java\\org/ow2/asm/asm-tree/9.3/asm-tree-9.3.jar;libraries\\java\\org/ow2/asm/asm-util/9.3/asm-util-9.3.jar;libraries\\java\\net/fabricmc/intermediary/1.19.2/intermediary-1.19.2.jar;libraries/java\\net/fabricmc/fabric-loader/0.14.17/fabric-loader-0.14.17.jar;libraries\\java\\de/javagl/obj/0.3.0/obj-0.3.0.jar;libraries\\java\\de/jcm/discord-game-sdk4j/0.5.4/discord-game-sdk4j-0.5.4;libraries\\java\\net/digitalingot/feather-server-api-proto/1.1-SNAPSHOT/feather-server-api-proto-1.1-SNAPSHOT.jar;libraries\\java\\net/digitalingot/rust-extension/1.0.7/rust-extension-1.0.7.jar;libraries\\java\\net/digitalingot/fcef/0.0.5/fcef-0.0.5.jar;libraries\\java\\net/digitalingot/fwebp/0.0.1/fwebp-0.0.1.jar;libraries\\java\\net/digitalingot/feather-server-api/messaging/0.0.2/messaging-0.0.2-SNAPSHOT.jar;libraries\\java\\net/digitalingot/feather-server-api/api/0.0.2/api-0.0.2-SNAPSHOT.jar;libraries\\java\\org/jitsi/libjitsi/1.0-CUSTOM/libjitsi-1.0-CUSTOM.jar;libraries\\java\\org/jitsi/jitsi-utils/1.0-45-gc3afb76/jitsi-utils-1.0-45-gc3afb76.jar;libraries\\java\\org/capnproto/runtime/0.1.10/runtime-0.1.10.jar;libraries\\java\\com/google/inject/guice/5.1.0/guice-vendored-5.1.0.jar;libraries\\java\\javassist/javassist/3.12.1.GA/javassist-3.12.1.GA.jar;libraries\\java\\com/mojang/logging/1.0.0/logging-1.0.0.jar;libraries\\java\\com/mojang/blocklist/1.0.10/blocklist-1.0.10.jar;libraries\\java\\com/mojang/patchy/2.2.10/patchy-2.2.10.jar;libraries\\java\\com/github/oshi/oshi-core/5.8.5/oshi-core-5.8.5.jar;libraries\\java\\net/java/dev/jna/jna/5.10.0/jna-5.10.0.jar;libraries\\java\\net/java/dev/jna/jna-platform/5.10.0/jna-platform-5.10.0.jar;libraries\\java\\org/slf4j/slf4j-api/1.8.0-beta4/slf4j-api-1.8.0-beta4.jar;libraries\\java\\org/apache/logging/log4j/log4j-slf4j18-impl/2.17.0/log4j-slf4j18-impl-2.17.0.jar;libraries\\java\\com/ibm/icu/icu4j/70.1/icu4j-70.1.jar;libraries\\java\\com/mojang/javabridge/1.2.24/javabridge-1.2.24.jar;libraries\\java\\net/sf/jopt-simple/jopt-simple/5.0.4/jopt-simple-5.0.4.jar;libraries\\java\\io/netty/netty-codec-http/4.1.76.Final/netty-codec-http-4.1.76.Final.jar;libraries\\java\\io/netty/netty-common/4.1.76.Final/netty-common-4.1.76.Final.jar;libraries\\java\\io/netty/netty-buffer/4.1.76.Final/netty-buffer-4.1.76.Final.jar;libraries\\java\\io/netty/netty-codec/4.1.76.Final/netty-codec-4.1.76.Final.jar;libraries\\java\\io/netty/netty-handler/4.1.76.Final/netty-handler-4.1.76.Final.jar;libraries\\java\\io/netty/netty-resolver/4.1.76.Final/netty-resolver-4.1.76.Final.jar;libraries\\java\\io/netty/netty-transport/4.1.76.Final/netty-transport-4.1.76.Final.jar;libraries\\java\\io/netty/netty-transport-native-unix-common/4.1.76.Final/netty-transport-native-unix-common-4.1.76.Final.jar;libraries\\java\\io/netty/netty-transport-classes-epoll/4.1.76.Final/netty-transport-classes-epoll-4.1.76.Final.jar;libraries\\java\\com/google/guava/failureaccess/1.0.1/failureaccess-1.0.1.jar;libraries\\java\\com/google/guava/guava/31.0.1-jre/guava-31.0.1-jre.jar;libraries\\java\\org/apache/commons/commons-lang3/3.12.0/commons-lang3-3.12.0.jar;libraries\\java\\commons-io/commons-io/2.11.0/commons-io-2.11.0.jar;libraries\\java\\commons-codec/commons-codec/1.15/commons-codec-1.15.jar;libraries\\java\\com/mojang/brigadier/1.0.18/brigadier-1.0.18.jar;libraries\\java\\com/mojang/datafixerupper/5.0.28/datafixerupper-5.0.28.jar;libraries\\java\\com/google/code/gson/gson/2.8.9/gson-2.8.9.jar;libraries\\java\\com/mojang/authlib/3.11.49/authlib-3.11.49.jar;libraries\\java\\org/apache/commons/commons-compress/1.21/commons-compress-1.21.jar;libraries\\java\\org/apache/httpcomponents/httpclient/4.5.13/httpclient-4.5.13.jar;libraries\\java\\commons-logging/commons-logging/1.2/commons-logging-1.2.jar;libraries\\java\\org/apache/httpcomponents/httpcore/4.4.14/httpcore-4.4.14.jar;libraries\\java\\it/unimi/dsi/fastutil/8.5.6/fastutil-8.5.6.jar;libraries\\java\\org/apache/logging/log4j/log4j-api/2.17.0/log4j-api-2.17.0.jar;libraries\\java\\org/apache/logging/log4j/log4j-core/2.17.0/log4j-core-2.17.0.jar;libraries\\java\\org/lwjgl/lwjgl/3.3.1/lwjgl-3.3.1.jar;libraries\\java\\org/lwjgl/lwjgl-jemalloc/3.3.1/lwjgl-jemalloc-3.3.1.jar;libraries\\java\\org/lwjgl/lwjgl-openal/3.3.1/lwjgl-openal-3.3.1.jar;libraries\\java\\org/lwjgl/lwjgl-opengl/3.3.1/lwjgl-opengl-3.3.1.jar;libraries\\java\\org/lwjgl/lwjgl-glfw/3.3.1/lwjgl-glfw-3.3.1.jar;libraries\\java\\org/lwjgl/lwjgl-stb/3.3.1/lwjgl-stb-3.3.1.jar;libraries\\java\\org/lwjgl/lwjgl-tinyfd/3.3.1/lwjgl-tinyfd-3.3.1.jar;libraries\\java\\com/mojang/text2speech/1.13.9/text2speech-1.13.9.jar", "net.digitalingot.rustextension.ProxiedStart", "net.fabricmc.loader.launch.knot.KnotClient", "--username", "MilanVDL", "--version", "1.19.2-feather", "--gameDir", "C:\\Users\\Milan\\AppData\\Roaming/.minecraft", "--assetsDir", "assets", "--assetIndex", "1.19-feather-game", "--uuid", "05672bea6aae42fc8d96ff0e70c24022", "--accessToken", "<hidden>", "--userType", "msa", "--versionType", "feather"]
info: starting cleanup
info: sending javaw pid
info: [08:14:23] [main/INFO]: Loading Minecraft 1.19.2 with Fabric Loader 0.14.17
info: [08:14:23] [main/INFO]: Loading 58 mods:
	- controlling 10.0+7
	- fabric-api 0.75.1+1.19.2
	   |-- fabric-api-base 0.4.15+8f4e8eb390
	   |-- fabric-api-lookup-api-v1 1.6.14+93d8cb8290
	   |-- fabric-biome-api-v1 9.1.0+82db024a90
	   |-- fabric-block-api-v1 1.0.2+e415d50e90
	   |-- fabric-blockrenderlayer-v1 1.1.25+cafc6e8e90
	   |-- fabric-client-tags-api-v1 1.0.5+b35fea8390
	   |-- fabric-command-api-v1 1.2.16+f71b366f90
	   |-- fabric-command-api-v2 2.2.1+413cbbc790
	   |-- fabric-commands-v0 0.2.33+df3654b390
	   |-- fabric-containers-v0 0.1.41+df3654b390
	   |-- fabric-content-registries-v0 3.5.1+7c6cd14d90
	   |-- fabric-convention-tags-v1 1.2.2+27265b3490
	   |-- fabric-crash-report-info-v1 0.2.8+aeb40ebe90
	   |-- fabric-data-generation-api-v1 5.3.7+413cbbc790
	   |-- fabric-dimensions-v1 2.1.35+0d0f210290
	   |-- fabric-entity-events-v1 1.5.4+9244241690
	   |-- fabric-events-interaction-v0 0.4.34+562bff6e90
	   |-- fabric-events-lifecycle-v0 0.2.35+df3654b390
	   |-- fabric-game-rule-api-v1 1.0.24+b6b6abb490
	   |-- fabric-item-api-v1 1.6.5+dce4603e90
	   |-- fabric-item-groups-v0 0.3.38+9244241690
	   |-- fabric-key-binding-api-v1 1.0.25+5c4fce2890
	   |-- fabric-keybindings-v0 0.2.23+df3654b390
	   |-- fabric-lifecycle-events-v1 2.2.4+1b46dc7890
	   |-- fabric-loot-api-v2 1.1.12+83a8659290
	   |-- fabric-loot-tables-v1 1.1.15+9e7660c690
	   |-- fabric-message-api-v1 5.0.7+93d8cb8290
	   |-- fabric-mining-level-api-v1 2.1.23+33fbc73890
	   |-- fabric-models-v0 0.3.21+c6af733c90
	   |-- fabric-networking-api-v1 1.2.11+10eb22f490
	   |-- fabric-networking-v0 0.3.28+df3654b390
	   |-- fabric-object-builder-api-v1 4.2.1+d8ef690890
	   |-- fabric-particles-v1 1.0.14+4d0d570390
	   |-- fabric-recipe-api-v1 1.0.1+413cbbc790
	   |-- fabric-registry-sync-v0 0.9.32+9244241690
	   |-- fabric-renderer-api-v1 1.2.1+1adbf27790
	   |-- fabric-renderer-indigo 0.8.0+1adbf27790
	   |-- fabric-renderer-registries-v1 3.2.24+df3654b390
	   |-- fabric-rendering-data-attachment-v1 0.3.19+6e0787e690
	   |-- fabric-rendering-fluids-v1 3.0.11+4d0d570390
	   |-- fabric-rendering-v0 1.1.27+df3654b390
	   |-- fabric-rendering-v1 1.12.1+d8ef690890
	   |-- fabric-resource-conditions-api-v1 2.1.2+aae9039d90
	   |-- fabric-resource-loader-v0 0.8.3+251d254a90
	   |-- fabric-screen-api-v1 1.0.32+4d0d570390
	   |-- fabric-screen-handler-api-v1 1.3.7+1cc24b1b90
	   |-- fabric-sound-api-v1 1.0.2+c4f28df590
	   |-- fabric-textures-v0 1.0.24+aeb40ebe90
	   |-- fabric-transfer-api-v1 2.1.6+413cbbc790
	   \-- fabric-transitive-access-wideners-v1 1.3.3+08b73de490
	- fabricloader 0.14.17
	- feather 1.0.0-SNAPSHOT
	- java 17
	- minecraft 1.19.2
	- optifabric 1.13.16
	   \-- mm 2.3
info: [08:14:23] [main/INFO]: SpongePowered MIXIN Subsystem Version=0.8.5 Source=file:/C:/Users/Milan/AppData/Roaming/.minecraft/libraries/java/net/fabricmc/sponge-mixin/0.11.4+mixin.0.8.5/sponge-mixin-0.11.4+mixin.0.8.5.jar Service=Knot/Fabric Env=CLIENT
info: [08:14:23] [main/INFO]: Compatibility level set to JAVA_17
info: Found existing patched optifine jar, using that
info: [08:14:29] [main/WARN]: Injection warning: LVT in net/minecraft/class_776::renderBatched(Lnet/minecraft/class_2680;Lnet/minecraft/class_2338;Lnet/minecraft/class_1920;Lnet/minecraft/class_4587;Lnet/minecraft/class_4588;ZLnet/minecraft/class_5819;Lnet/minecraftforge/client/model/data/ModelData;Lnet/minecraft/class_1921;)V has incompatible changes at opcode 56 in callback optifabric.compat.fabric-renderer-api.new-mixins.json:BlockRenderManagerNewMixin from mod optifabric->@Inject::addInfo(Lnet/minecraft/class_2680;Lnet/minecraft/class_2338;Lnet/minecraft/class_1920;Lnet/minecraft/class_4587;Lnet/minecraft/class_4588;ZLnet/minecraft/class_5819;Ljava/lang/Object;Lorg/spongepowered/asm/mixin/injection/callback/CallbackInfo;Ljava/lang/Throwable;Lnet/minecraft/class_128;Lnet/minecraft/class_129;)V.
 Expected: [Lnet/minecraft/class_128;, Lnet/minecraft/class_129;]
    Found: [Ljava/lang/Throwable;, Lnet/minecraft/class_128;]
Available: [Ljava/lang/Throwable;, Lnet/minecraft/class_128;, Lnet/minecraft/class_129;]
info: [08:14:30] [main/INFO]: [OptiFine] (Reflector) Method not present: net.minecraft.class_3489.create
info: [08:14:32] [main/INFO]: Building unoptimized datafixer
info: [08:14:35] [Render thread/INFO]: Environment: authHost='https://authserver.mojang.com', accountsHost='https://api.mojang.com', sessionHost='https://sessionserver.mojang.com', servicesHost='https://api.minecraftservices.com', name='PROD'
info: [08:14:36] [Render thread/INFO]: Setting user: MilanVDL
info: [08:14:36] [Render thread/INFO]: Definitely not up to no good
info: [08:14:36] [Render thread/INFO]: [Indigo] Registering Indigo renderer!
[08:14:36] [Render thread/INFO]: [Indigo] Compatibility mode enabled.
info: [08:14:36] [Render thread/INFO]: [OptiFine] (Reflector) Method not present: net.minecraft.class_304.getKeyModifier
info: [08:14:37] [Render thread/INFO]: Backend library: LWJGL version 3.3.1 SNAPSHOT
info: [08:14:37] [Render thread/INFO]: [OptiFine]
info: [08:14:37] [Render thread/INFO]: [OptiFine] OptiFine_1.19.2_HD_U_I1
info: [08:14:37] [Render thread/INFO]: [OptiFine] Build: 20221213-150857
info: [08:14:37] [Render thread/INFO]: [OptiFine] OS: Windows 10 (amd64) version 10.0
info: [08:14:37] [Render thread/INFO]: [OptiFine] Java: 17.0.3, Eclipse Adoptium
info: [08:14:37] [Render thread/INFO]: [OptiFine] VM: OpenJDK 64-Bit Server VM (mixed mode, sharing), Eclipse Adoptium
info: [08:14:37] [Render thread/INFO]: [OptiFine] LWJGL: 3.4.0 Win32 WGL Null EGL OSMesa VisualC DLL
info: [08:14:37] [Render thread/INFO]: [OptiFine] OpenGL: GeForce GTX 1660/PCIe/SSE2, version 3.2.0 NVIDIA 457.51, NVIDIA Corporation
info: [08:14:37] [Render thread/INFO]: [OptiFine] OpenGL Version: 3.2.0
info: [08:14:37] [Render thread/INFO]: [OptiFine] Maximum texture size: 32768x32768
info: [08:14:37] [VersionCheck/INFO]: [OptiFine] Checking for new version
info: [08:14:37] [Render thread/INFO]: [Shaders] OpenGL Version: 3.2.0 NVIDIA 457.51
info: [08:14:37] [Render thread/INFO]: [Shaders] Vendor:  NVIDIA Corporation
info: [08:14:37] [Render thread/INFO]: [Shaders] Renderer: GeForce GTX 1660/PCIe/SSE2
info: [08:14:37] [Render thread/INFO]: [Shaders] Capabilities:  2.0  2.1  3.0  3.2  -
info: [08:14:37] [Render thread/INFO]: [Shaders] GL_MAX_DRAW_BUFFERS: 8
info: [08:14:37] [Render thread/INFO]: [Shaders] GL_MAX_COLOR_ATTACHMENTS: 8
info: [08:14:37] [Render thread/INFO]: [Shaders] GL_MAX_TEXTURE_IMAGE_UNITS: 32
info: [08:14:37] [Render thread/INFO]: [Shaders] Load shaders configuration.
info: [08:14:37] [Render thread/INFO]: [Shaders] No shaderpack loaded.
info: [08:14:37] [Render thread/WARN]: [OptiFine] (Reflector) java.lang.ClassNotFoundException: sun.misc.SharedSecrets
[08:14:37] [Render thread/WARN]: [OptiFine] (Reflector) java.lang.ClassNotFoundException: jdk.internal.misc.SharedSecrets
info: [08:14:37] [Render thread/WARN]: [OptiFine] (Reflector) java.lang.ClassNotFoundException: sun.misc.VM
info: [08:14:37] [Render thread/WARN]: [OptiFine] (Reflector) java.lang.reflect.InaccessibleObjectException: Unable to make public static long jdk.internal.misc.VM.maxDirectMemory() accessible: module java.base does not "exports jdk.internal.misc" to unnamed module @4e08711f
info: [08:14:37] [VersionCheck/INFO]: [OptiFine] java.io.FileNotFoundException: http://optifine.net/version/1.19.2/HD_U.txt
info: [08:14:38] [Render thread/INFO]: Narrator library for x64 successfully loaded
info: [08:14:38] [Render thread/INFO]: Reloading ResourceManager: Default, vhs03.zip, Fabric Mods (Controlling For Fabric, Fabric API, Fabric API Base, Fabric API Lookup API (v1), Fabric Biome API (v1), Fabric Block API (v1), Fabric BlockRenderLayer Registration (v1), Fabric Client Tags, Fabric Command API (v1), Fabric Command API (v2), Fabric Commands (v0), Fabric Containers (v0), Fabric Content Registries (v0), Fabric Convention Tags, Fabric Crash Report Info (v1), Fabric Data Generation API (v1), Fabric Dimensions API (v1), Fabric Entity Events (v1), Fabric Events Interaction (v0), Fabric Events Lifecycle (v0), Fabric Game Rule API (v1), Fabric Item API (v1), Fabric Item Groups (v0), Fabric Key Binding API (v1), Fabric Key Bindings (v0), Fabric Lifecycle Events (v1), Fabric Loot API (v2), Fabric Loot Tables (v1), Fabric Message API (v1), Fabric Mining Level API (v1), Fabric Models (v0), Fabric Networking API (v1), Fabric Networking (v0), Fabric Object Builder API (v1), Fabric Particles (v1), Fabric Recipe API (v1), Fabric Registry Sync (v0), Fabric Renderer API (v1), Fabric Renderer - Indigo, Fabric Renderer Registries (v1), Fabric Rendering Data Attachment (v1), Fabric Rendering Fluids (v1), Fabric Rendering (v0), Fabric Rendering (v1), Fabric Resource Conditions API (v1), Fabric Resource Loader (v0), Fabric Screen API (v1), Fabric Screen Handler API (v1), Fabric Sound API (v1), Fabric Textures (v0), Fabric Transfer API (v1), Fabric Transitive Access Wideners (v1), Fabric Loader, Feather Client, Manningham Mills, OptiFabric), FullBright-Resource-Pack-16x-1.19.1.zip
info: [08:14:38] [Render thread/INFO]: [OptiFine] *** Reloading textures ***
info: [08:14:38] [Render thread/INFO]: [OptiFine] Resource packs: vhs03.zip, Fabric Mods, FullBright-Resource-Pack-16x-1.19.1.zip
info: [08:14:38] [Render thread/WARN]: [OptiFine] Unknown resource pack type: net.fabricmc.fabric.impl.resource.loader.FabricModResourcePack@6f82bb78
info: [08:14:38] [Worker-Main-6/INFO]: [OptiFine] Multitexture: false
[08:14:38] [Worker-Main-14/INFO]: [OptiFine] Multitexture: false
[08:14:38] [Worker-Main-4/INFO]: [OptiFine] Multitexture: false
info: [08:14:40] [Worker-Main-8/WARN]: [OptiFine] Unknown resource pack type: net.fabricmc.fabric.impl.resource.loader.FabricModResourcePack@194a4ddd
[08:14:40] [Worker-Main-8/WARN]: [OptiFine] Unknown resource pack type: net.fabricmc.fabric.impl.resource.loader.FabricModResourcePack@194a4ddd
[08:14:40] [Worker-Main-8/WARN]: [OptiFine] Unknown resource pack type: net.fabricmc.fabric.impl.resource.loader.FabricModResourcePack@194a4ddd
[08:14:40] [Worker-Main-8/WARN]: [OptiFine] Unknown resource pack type: net.fabricmc.fabric.impl.resource.loader.FabricModResourcePack@194a4ddd
info: [08:14:40] [Worker-Main-8/INFO]: [OptiFine] Multitexture: false
info: [08:14:40] [Worker-Main-8/INFO]: [OptiFine] Multipass connected textures: false
[08:14:40] [Worker-Main-8/WARN]: [OptiFine] Unknown resource pack type: net.fabricmc.fabric.impl.resource.loader.FabricModResourcePack@f7414c2
[08:14:40] [Worker-Main-8/INFO]: [OptiFine] Multipass connected textures: false
[08:14:40] [Worker-Main-8/INFO]: [OptiFine] Multipass connected textures: false
[08:14:40] [Worker-Main-8/INFO]: [OptiFine] ConnectedTextures: optifine/ctm/default/00_glass_white/glass_pane_white.properties
info: [08:14:40] [Worker-Main-8/INFO]: [OptiFine] ConnectedTextures: optifine/ctm/default/00_glass_white/glass_white.properties
[08:14:40] [Worker-Main-8/INFO]: [OptiFine] ConnectedTextures: optifine/ctm/default/01_glass_orange/glass_orange.properties
[08:14:40] [Worker-Main-8/INFO]: [OptiFine] ConnectedTextures: optifine/ctm/default/01_glass_orange/glass_pane_orange.properties
info: [08:14:40] [Worker-Main-8/INFO]: [OptiFine] ConnectedTextures: optifine/ctm/default/02_glass_magenta/glass_magenta.properties
info: [08:14:40] [Worker-Main-8/INFO]: [OptiFine] ConnectedTextures: optifine/ctm/default/02_glass_magenta/glass_pane_magenta.properties
[08:14:40] [Worker-Main-8/INFO]: [OptiFine] ConnectedTextures: optifine/ctm/default/03_glass_light_blue/glass_light_blue.properties
[08:14:40] [Worker-Main-8/INFO]: [OptiFine] ConnectedTextures: optifine/ctm/default/03_glass_light_blue/glass_pane_light_blue.properties
[08:14:40] [Worker-Main-8/INFO]: [OptiFine] ConnectedTextures: optifine/ctm/default/04_glass_yellow/glass_pane_yellow.properties
[08:14:40] [Worker-Main-8/INFO]: [OptiFine] ConnectedTextures: optifine/ctm/default/04_glass_yellow/glass_yellow.properties
info: [08:14:40] [Worker-Main-8/INFO]: [OptiFine] ConnectedTextures: optifine/ctm/default/05_glass_lime/glass_lime.properties
info: [08:14:40] [Worker-Main-8/INFO]: [OptiFine] ConnectedTextures: optifine/ctm/default/05_glass_lime/glass_pane_lime.properties
[08:14:40] [Worker-Main-8/INFO]: [OptiFine] ConnectedTextures: optifine/ctm/default/06_glass_pink/glass_pane_pink.properties
info: [08:14:40] [Worker-Main-8/INFO]: [OptiFine] ConnectedTextures: optifine/ctm/default/06_glass_pink/glass_pink.properties
[08:14:40] [Worker-Main-8/INFO]: [OptiFine] ConnectedTextures: optifine/ctm/default/07_glass_gray/glass_gray.properties
[08:14:40] [Worker-Main-8/INFO]: [OptiFine] ConnectedTextures: optifine/ctm/default/07_glass_gray/glass_pane_gray.properties
[08:14:40] [Worker-Main-8/INFO]: [OptiFine] ConnectedTextures: optifine/ctm/default/08_glass_light_gray/glass_light_gray.properties
info: [08:14:40] [Worker-Main-8/INFO]: [OptiFine] ConnectedTextures: optifine/ctm/default/08_glass_light_gray/glass_pane_light_gray.properties
info: [08:14:40] [Worker-Main-8/INFO]: [OptiFine] ConnectedTextures: optifine/ctm/default/09_glass_cyan/glass_cyan.properties
info: [08:14:40] [Worker-Main-8/INFO]: [OptiFine] ConnectedTextures: optifine/ctm/default/09_glass_cyan/glass_pane_cyan.properties
info: [08:14:40] [Worker-Main-8/INFO]: [OptiFine] ConnectedTextures: optifine/ctm/default/10_glass_purple/glass_pane_purple.properties
info: [08:14:40] [Worker-Main-8/INFO]: [OptiFine] ConnectedTextures: optifine/ctm/default/10_glass_purple/glass_purple.properties
info: [08:14:40] [Worker-Main-8/INFO]: [OptiFine] ConnectedTextures: optifine/ctm/default/11_glass_blue/glass_blue.properties
info: [08:14:40] [Worker-Main-8/INFO]: [OptiFine] ConnectedTextures: optifine/ctm/default/11_glass_blue/glass_pane_blue.properties
info: [08:14:40] [Worker-Main-8/INFO]: [OptiFine] ConnectedTextures: optifine/ctm/default/12_glass_brown/glass_brown.properties
[08:14:40] [Worker-Main-8/INFO]: [OptiFine] ConnectedTextures: optifine/ctm/default/12_glass_brown/glass_pane_brown.properties
info: [08:14:40] [Worker-Main-8/INFO]: [OptiFine] ConnectedTextures: optifine/ctm/default/13_glass_green/glass_green.properties
[08:14:40] [Worker-Main-8/INFO]: [OptiFine] ConnectedTextures: optifine/ctm/default/13_glass_green/glass_pane_green.properties
[08:14:40] [Worker-Main-8/INFO]: [OptiFine] ConnectedTextures: optifine/ctm/default/14_glass_red/glass_pane_red.properties
[08:14:40] [Worker-Main-8/INFO]: [OptiFine] ConnectedTextures: optifine/ctm/default/14_glass_red/glass_red.properties
[08:14:40] [Worker-Main-8/INFO]: [OptiFine] ConnectedTextures: optifine/ctm/default/15_glass_black/glass_black.properties
[08:14:40] [Worker-Main-8/INFO]: [OptiFine] ConnectedTextures: optifine/ctm/default/15_glass_black/glass_pane_black.properties
[08:14:40] [Worker-Main-8/INFO]: [OptiFine] ConnectedTextures: optifine/ctm/default/20_glass/glass.properties
[08:14:40] [Worker-Main-8/INFO]: [OptiFine] ConnectedTextures: optifine/ctm/default/20_glass/glass_pane.properties
info: [08:14:40] [Worker-Main-8/INFO]: [OptiFine] ConnectedTextures: optifine/ctm/default/21_tinted_glass/tinted_glass.properties
[08:14:40] [Worker-Main-8/INFO]: [OptiFine] ConnectedTextures: optifine/ctm/default/30_bookshelf/bookshelf.properties
[08:14:40] [Worker-Main-8/INFO]: [OptiFine] ConnectedTextures: optifine/ctm/default/40_sandstone/sandstone.properties
info: [08:14:40] [Worker-Main-8/INFO]: [OptiFine] ConnectedTextures: optifine/ctm/default/41_red_sandstone/red_sandstone.properties
[08:14:40] [Worker-Main-8/INFO]: [OptiFine] Multipass connected textures: false
info: [08:14:40] [Worker-Main-8/INFO]: [OptiFine] BetterGrass: Parsing default configuration optifine/bettergrass.properties
info: [FBD] Primary: NVIDIA GeForce GTX 1660. High: NVIDIA GeForce GTX 1660. Low: NVIDIA GeForce GTX 1660.
info: [FBD] Hardware Acceleration: 1
[08:14:41] [Render thread/INFO]: [STDOUT]: initialize on Thread[Render thread,10,main] with library path libraries/native\net/digitalingot/fcef-windows/0.0.5\extracted/
info: [08:14:42] [nioEventLoopGroup-3-1/INFO]: Initialized rust channel communication. Communicating on port 60839.
info: [08:14:42] [Worker-Main-8/INFO]: [OptiFine] Mipmap levels: 4
info: [08:14:42] [Worker-Main-9/ERROR]: Using missing texture, file minecraft:textures/block/hopper_inside_side.png not found
info: [08:14:42] [Worker-Main-7/ERROR]: Using missing texture, file minecraft:textures/block/observer_front_powered.png not found
info: [08:14:42] [Worker-Main-12/ERROR]: Using missing texture, file minecraft:textures/block/observer_top_powered.png not found
[08:14:42] [Worker-Main-7/ERROR]: Using missing texture, file minecraft:textures/block/dispenser_top.png not found
info: [08:14:42] [Worker-Main-13/ERROR]: Using missing texture, file minecraft:textures/block/observer_side_powered.png not found
info: [08:14:42] [Worker-Main-11/ERROR]: Using missing texture, file minecraft:textures/block/dispenser_side_l.png not found
[08:14:42] [Worker-Main-5/ERROR]: Using missing texture, file minecraft:textures/block/dispenser_side_r.png not found
info: [08:14:42] [Worker-Main-9/ERROR]: Using missing texture, file minecraft:textures/block/hopper_outside_flipped.png not found
info: [08:14:42] [Worker-Main-12/ERROR]: Using missing texture, file minecraft:textures/block/hopper_back.png not found
info: [08:14:42] [Worker-Main-18/ERROR]: Using missing texture, file minecraft:textures/block/dispenser_back.png not found
[08:14:42] [Worker-Main-19/ERROR]: Using missing texture, file minecraft:textures/break/hopper.png not found
info: [08:14:42] [Worker-Main-8/INFO]: [OptiFine] Multitexture: false
[08:14:42] [Worker-Main-8/INFO]: [OptiFine] Sprite size: 64
[08:14:42] [Worker-Main-8/INFO]: [OptiFine] Mipmap levels: 6
[08:14:42] [Worker-Main-8/INFO]: [OptiFine] Scaled too small texture: minecraft:optifine/ctm/default/empty, 16 -> 64
[08:14:42] [Worker-Main-8/WARN]: Unused frames in sprite minecraft:missingno: [1, 2, 3, 4, 5, 6, 7, 8, 9, 10, 11, 12, 13, 14, 15]
[08:14:42] [Worker-Main-8/INFO]: [OptiFine] Multitexture: false
[08:14:42] [Worker-Main-8/INFO]: [OptiFine] Sprite size: 64
[08:14:42] [Worker-Main-8/INFO]: [OptiFine] Mipmap levels: 6
[08:14:42] [Worker-Main-8/INFO]: [OptiFine] Scaled too small texture: minecraft:optifine/ctm/default/empty, 16 -> 64
[08:14:42] [Worker-Main-8/WARN]: Unused frames in sprite minecraft:missingno: [1, 2, 3, 4, 5, 6, 7, 8, 9, 10, 11, 12, 13, 14, 15]
[08:14:42] [Worker-Main-8/INFO]: [OptiFine] Multitexture: false
[08:14:43] [Worker-Main-8/INFO]: [OptiFine] Sprite size: 64
[08:14:43] [Worker-Main-8/INFO]: [OptiFine] Mipmap levels: 6
[08:14:43] [Worker-Main-8/INFO]: [OptiFine] Scaled too small texture: minecraft:optifine/ctm/default/empty, 16 -> 64
[08:14:43] [Worker-Main-8/WARN]: Unused frames in sprite minecraft:missingno: [1, 2, 3, 4, 5, 6, 7, 8, 9, 10, 11, 12, 13, 14, 15]
[08:14:43] [Worker-Main-8/INFO]: [OptiFine] Multitexture: false
[08:14:43] [Worker-Main-8/INFO]: [OptiFine] Sprite size: 64
[08:14:43] [Worker-Main-8/INFO]: [OptiFine] Mipmap levels: 6
[08:14:43] [Worker-Main-8/INFO]: [OptiFine] Scaled too small texture: minecraft:optifine/ctm/default/empty, 16 -> 64
[08:14:43] [Worker-Main-8/WARN]: Unused frames in sprite minecraft:missingno: [1, 2, 3, 4, 5, 6, 7, 8, 9, 10, 11, 12, 13, 14, 15]
[08:14:43] [Worker-Main-8/INFO]: [OptiFine] Multitexture: false
[08:14:43] [Worker-Main-8/INFO]: [OptiFine] Sprite size: 64
[08:14:43] [Worker-Main-8/INFO]: [OptiFine] Mipmap levels: 6
[08:14:43] [Worker-Main-8/INFO]: [OptiFine] Scaled too small texture: minecraft:optifine/ctm/default/empty, 16 -> 64
[08:14:43] [Worker-Main-8/WARN]: Unused frames in sprite minecraft:missingno: [1, 2, 3, 4, 5, 6, 7, 8, 9, 10, 11, 12, 13, 14, 15]
[08:14:43] [Worker-Main-8/INFO]: [OptiFine] Multitexture: false
[08:14:43] [Worker-Main-8/INFO]: [OptiFine] Sprite size: 64
[08:14:43] [Worker-Main-8/INFO]: [OptiFine] Mipmap levels: 6
[08:14:43] [Worker-Main-8/INFO]: [OptiFine] Scaled too small texture: minecraft:optifine/ctm/default/empty, 16 -> 64
[08:14:43] [Worker-Main-8/WARN]: Unused frames in sprite minecraft:missingno: [1, 2, 3, 4, 5, 6, 7, 8, 9, 10, 11, 12, 13, 14, 15]
[08:14:43] [Render thread/INFO]: Feather: Optifine dectected? true
[08:14:43] [Render thread/INFO]: Feather: Detected OptiFine! Disabling patches...
info: [08:14:44] [Render thread/INFO]: Setting core backend token
[08:14:44] [Render thread/INFO]: Authenticated with core backend
info: [08:14:45] [nioEventLoopGroup-4-1/INFO]: Established Redstone connection to redstone.feathermc.com/74.91.115.165:1668
[08:14:45] [nioEventLoopGroup-4-1/INFO]: Authenticating with Redstone...
info: [08:14:45] [nioEventLoopGroup-4-1/INFO]: Authenticated with Redstone
info: [08:14:45] [Render thread/INFO]: Started Feather ()
info: [08:14:45] [Render thread/INFO]: [OptiFine] *** Reflector Forge ***
[08:14:45] [Render thread/INFO]: [OptiFine] (Reflector) Method not present: net.minecraft.class_773.getTexture
[08:14:45] [Render thread/INFO]: [OptiFine] (Reflector) Field not present: net.minecraft.class_783.emissivity
[08:14:45] [Render thread/INFO]: [OptiFine] (Reflector) Field not present: net.minecraft.class_783.hasAmbientOcclusion
[08:14:45] [nioEventLoopGroup-2-1/INFO]: Connected to chat server
info: [08:14:45] [Render thread/INFO]: [OptiFine] (Reflector) Field not present: net.minecraft.class_3193.currentlyLoading
info: [08:14:45] [Render thread/INFO]: [OptiFine] (Reflector) Method not present: net.minecraft.class_2791.getWorldForge
[08:14:45] [Render thread/INFO]: [OptiFine] (Reflector) Method not present: net.minecraft.class_304.setKeyConflictContext
info: [08:14:45] [Render thread/INFO]: [OptiFine] (Reflector) Method not present: net.minecraft.class_304.setKeyModifierAndCode
info: [08:14:45] [Render thread/INFO]: [OptiFine] (Reflector) Method not present: net.minecraft.class_20.render
info: [08:14:45] [Render thread/INFO]: [OptiFine] (Reflector) Method not present: net.minecraft.class_1814.getStyleModifier
info: [08:14:45] [Render thread/INFO]: [OptiFine] (Reflector) Field not present: net.minecraft.class_3228.forceTicks
info: [08:14:45] [Render thread/INFO]: [OptiFine] (Reflector) Method not present: net.minecraft.class_3228.isForceTicks
info: [08:14:45] [Render thread/INFO]: [OptiFine] (Reflector) Method not present: net.minecraft.class_727.updateSprite
info: [08:14:45] [Render thread/INFO]: [OptiFine] *** Reflector Vanilla ***
info: [08:14:45] [Render thread/INFO]: [OptiFine] Loading optifine/color.properties
[08:14:45] [Render thread/INFO]: [OptiFine] screen.loading = 000000
info: [08:14:45] [Render thread/INFO]: [OptiFine] screen.loading.bar = 000000
[08:14:45] [Render thread/INFO]: [OptiFine] screen.loading.progress = ffffff
info: [08:14:45] [Render thread/WARN]: Missing sound for event: minecraft:item.goat_horn.play
[08:14:45] [Render thread/WARN]: Missing sound for event: minecraft:entity.goat.screaming.horn_break
info: [08:14:45] [Render thread/INFO]: OpenAL initialized on device OpenAL Soft on Luidsprekers (Realtek(R) Audio)
info: [08:14:45] [Render thread/INFO]: Sound engine started
info: [08:14:45] [Render thread/INFO]: Created: 1024x1024x4 minecraft:textures/atlas/blocks.png-atlas
info: [08:14:45] [Render thread/INFO]: [OptiFine] Animated sprites: 51
[08:14:45] [Render thread/INFO]: Created: 256x128x4 minecraft:textures/atlas/signs.png-atlas
info: [08:14:45] [Render thread/INFO]: [OptiFine] Animated sprites: 0
[08:14:45] [Render thread/INFO]: Created: 512x512x4 minecraft:textures/atlas/banner_patterns.png-atlas
[08:14:45] [Render thread/INFO]: [OptiFine] Animated sprites: 0
[08:14:45] [Render thread/INFO]: Created: 512x512x4 minecraft:textures/atlas/shield_patterns.png-atlas
info: [08:14:45] [Render thread/INFO]: [OptiFine] Animated sprites: 0
[08:14:45] [Render thread/INFO]: Created: 256x256x4 minecraft:textures/atlas/chest.png-atlas
[08:14:45] [Render thread/INFO]: [OptiFine] Animated sprites: 0
[08:14:45] [Render thread/INFO]: Created: 512x256x4 minecraft:textures/atlas/beds.png-atlas
[08:14:45] [Render thread/INFO]: [OptiFine] Animated sprites: 0
[08:14:45] [Render thread/INFO]: Created: 512x256x4 minecraft:textures/atlas/shulker_boxes.png-atlas
[08:14:45] [Render thread/INFO]: [OptiFine] Animated sprites: 0
info: [08:14:46] [Render thread/INFO]: [Cosmetics] Normal Feather Cape was created
[08:14:46] [Render thread/INFO]: [Cosmetics] Normal Feather Cape was created
info: [08:14:46] [Render thread/WARN]: Shader rendertype_entity_translucent_emissive could not find sampler named Sampler2 in the specified shader program.
info: [08:14:47] [Render thread/INFO]: Created: 2048x1024x0 minecraft:textures/atlas/particles.png-atlas
info: [08:14:47] [Render thread/INFO]: [OptiFine] Animated sprites: 1
info: [08:14:47] [Render thread/INFO]: Created: 256x256x0 minecraft:textures/atlas/paintings.png-atlas
info: [08:14:47] [Render thread/INFO]: [OptiFine] Animated sprites: 0
[08:14:47] [Render thread/INFO]: Created: 128x128x0 minecraft:textures/atlas/mob_effects.png-atlas
[08:14:47] [Render thread/INFO]: [OptiFine] Animated sprites: 0
info: [08:14:47] [Render thread/INFO]: [OptiFine] *** Reloading custom textures ***
info: [08:14:47] [Render thread/WARN]: [OptiFine] Unknown resource pack type: net.fabricmc.fabric.impl.resource.loader.FabricModResourcePack@1baba519
info: [08:14:47] [Render thread/WARN]: [OptiFine] Unknown resource pack type: net.fabricmc.fabric.impl.resource.loader.FabricModResourcePack@615d6ee0
info: [08:14:47] [Render thread/INFO]: [OptiFine] CustomColors: Colormap optifine/lightmap/world-1.png
info: [08:14:47] [Render thread/INFO]: [OptiFine] CustomColors: Colormap optifine/lightmap/world0.png
info: [08:14:47] [Render thread/INFO]: [OptiFine] CustomColors: Colormap optifine/lightmap/world1.png
info: [08:14:47] [Render thread/INFO]: [OptiFine] CustomColors: Loading optifine/color.properties
info: [08:14:47] [Render thread/WARN]: [OptiFine] Unknown resource pack type: net.fabricmc.fabric.impl.resource.loader.FabricModResourcePack@add929e
info: [08:14:47] [Render thread/WARN]: [OptiFine] Unknown resource pack type: net.fabricmc.fabric.impl.resource.loader.FabricModResourcePack@1d0df574
info: [08:14:47] [Render thread/WARN]: [OptiFine] Unknown resource pack type: net.fabricmc.fabric.impl.resource.loader.FabricModResourcePack@1584b588
info: [08:14:47] [Render thread/INFO]: [OptiFine] Disable Forge light pipeline
info: [08:14:48] [feather-scheduler-0/INFO]: Passed DRM check